<?xml version="1.0" encoding="UTF-8"?>
<!-- Generated by org.testng.reporters.JUnitXMLReporter -->
<testsuite ignored="0" hostname="BAHUBALI-HP" failures="0" tests="3" name="Test" time="75.564" errors="0" timestamp="2024-10-18T12:43:26 IST">
  <testcase classname="coverFoxTest.CoverFoxValidateErrorMsg" name="validatePinCodeErrorMsg" time="5.478"/>
  <testcase classname="coverFoxTest.CoverFoxValidateErrorMsg" name="validateMobileNumErrorMsg" time="5.432"/>
  <testcase classname="coverFoxTest.CoverFoxValidateErrorMsg" name="validateErrMsgs" time="3.317"/>
</testsuite> <!-- Test -->
