<?xml version="1.0" encoding="UTF-8"?>
<testsuite xmlns:xsi="http://www.w3.org/2001/XMLSchema-instance" xsi:noNamespaceSchemaLocation="https://maven.apache.org/surefire/maven-surefire-plugin/xsd/surefire-test-report.xsd" version="3.0.2" name="TestSuite" time="94.871" tests="4" errors="0" skipped="0" failures="0">
  <properties>
[...]
</properties>
  <testcase name="validatePolicyCount" classname="coverFoxTest.CoverFoxTestClass" time="3.087">
    <system-out><![CDATA[Launching Application...
Waiting for application launch...
 INFO [main] (CoverFoxTestClass.java:55)- Click on gender button..
Clicking on gender button...
 INFO [main] (CoverFoxTestClass.java:59)- Click on next button..
Clicking on next button...
 INFO [main] (CoverFoxTestClass.java:63)- Handling age dropdown
2024-10-19T09:17:17.732964800Z main ERROR Log4j2 could not find a logging implementation. Please add log4j-core to the classpath. Using SimpleLogger to log to the console...
Selecting age...
 INFO [main] (CoverFoxTestClass.java:67)- click on next button..
Clicking on next button...
 INFO [main] (CoverFoxTestClass.java:71)- Enter pincode..
Entering pincode...
 WARN [main] (CoverFoxTestClass.java:74)- Please enter valid pincode
 INFO [main] (CoverFoxTestClass.java:76)- Enter mobile number..
Entering mobile number...
 WARN [main] (CoverFoxTestClass.java:79)- Please enter valid mobile number
 INFO [main] (CoverFoxTestClass.java:81)- Click on continue button..
Clicking on continue button...
Getting policy count from text displayed...
Getting policy count from banners displayed...
TC validatePolicyCount Passed
]]></system-out>
    <system-err><![CDATA[SLF4J(W): No SLF4J providers were found.
SLF4J(W): Defaulting to no-operation (NOP) logger implementation
SLF4J(W): See https://www.slf4j.org/codes.html#noProviders for further details.
Oct 19, 2024 2:47:10 PM org.openqa.selenium.devtools.CdpVersionFinder findNearestMatch
WARNING: Unable to find an exact match for CDP version 130, returning the closest version; found: 129; Please update to a Selenium version that supports CDP version 130
]]></system-err>
  </testcase>
  <testcase name="validatePinCodeErrorMsg" classname="coverFoxTest.CoverFoxValidateErrorMsg" time="5.481">
    <system-out><![CDATA[Closing Application...
Launching Application...
Waiting for application launch...
Application Luanched
 INFO [main] (CoverFoxValidateErrorMsg.java:53)- Click on gender button..
Clicking on gender button...
 INFO [main] (CoverFoxValidateErrorMsg.java:57)- Click on next button..
Clicking on next button...
 INFO [main] (CoverFoxValidateErrorMsg.java:61)- Handling age dropdown
Selecting age...
 INFO [main] (CoverFoxValidateErrorMsg.java:65)- click on next button..
Clicking on next button...
 INFO [main] (CoverFoxValidateErrorMsg.java:74)- Enter mobile number..
Entering mobile number...
 WARN [main] (CoverFoxValidateErrorMsg.java:77)- Please enter valid mobile number
 INFO [main] (CoverFoxValidateErrorMsg.java:78)- Click on continue button..
Clicking on continue button...
TC validatePinCodeErrorMsg Passed
]]></system-out>
    <system-err><![CDATA[Oct 19, 2024 2:47:38 PM org.openqa.selenium.devtools.CdpVersionFinder findNearestMatch
WARNING: Unable to find an exact match for CDP version 130, returning the closest version; found: 129; Please update to a Selenium version that supports CDP version 130
]]></system-err>
  </testcase>
  <testcase name="validateMobileNumErrorMsg" classname="coverFoxTest.CoverFoxValidateErrorMsg" time="5.535">
    <system-out><![CDATA[ INFO [main] (CoverFoxValidateErrorMsg.java:121)- Closing Browser
Closing Application...
Launching Application...
Waiting for application launch...
Application Luanched
 INFO [main] (CoverFoxValidateErrorMsg.java:53)- Click on gender button..
Clicking on gender button...
 INFO [main] (CoverFoxValidateErrorMsg.java:57)- Click on next button..
Clicking on next button...
 INFO [main] (CoverFoxValidateErrorMsg.java:61)- Handling age dropdown
Selecting age...
 INFO [main] (CoverFoxValidateErrorMsg.java:65)- click on next button..
Clicking on next button...
 INFO [main] (CoverFoxValidateErrorMsg.java:90)- Enter pincode..
Entering pincode...
 WARN [main] (CoverFoxValidateErrorMsg.java:93)- Please enter valid pincode
 INFO [main] (CoverFoxValidateErrorMsg.java:94)- Click on continue button..
Clicking on continue button...
TC validateMobileNumErrorMsg Passed
]]></system-out>
    <system-err><![CDATA[Oct 19, 2024 2:48:00 PM org.openqa.selenium.devtools.CdpVersionFinder findNearestMatch
WARNING: Unable to find an exact match for CDP version 130, returning the closest version; found: 129; Please update to a Selenium version that supports CDP version 130
]]></system-err>
  </testcase>
  <testcase name="validateErrMsgs" classname="coverFoxTest.CoverFoxValidateErrorMsg" time="3.354">
    <system-out><![CDATA[ INFO [main] (CoverFoxValidateErrorMsg.java:121)- Closing Browser
Closing Application...
Launching Application...
Waiting for application launch...
Application Luanched
 INFO [main] (CoverFoxValidateErrorMsg.java:53)- Click on gender button..
Clicking on gender button...
 INFO [main] (CoverFoxValidateErrorMsg.java:57)- Click on next button..
Clicking on next button...
 INFO [main] (CoverFoxValidateErrorMsg.java:61)- Handling age dropdown
Selecting age...
 INFO [main] (CoverFoxValidateErrorMsg.java:65)- click on next button..
Clicking on next button...
 INFO [main] (CoverFoxValidateErrorMsg.java:105)- Click on continue button..
Clicking on continue button...
TC validateErrMsgs Passed
]]></system-out>
    <system-err><![CDATA[Oct 19, 2024 2:48:22 PM org.openqa.selenium.devtools.CdpVersionFinder findNearestMatch
WARNING: Unable to find an exact match for CDP version 130, returning the closest version; found: 129; Please update to a Selenium version that supports CDP version 130
]]></system-err>
  </testcase>
</testsuite>