<?xml version="1.0" encoding="UTF-8"?>
<testng-results ignored="0" total="4" passed="4" failed="0" skipped="0">
  <reporter-output>
    <line>
      <![CDATA[Launching Application...]]>
    </line>
    <line>
      <![CDATA[Waiting for application launch...]]>
    </line>
    <line>
      <![CDATA[Application Luanched]]>
    </line>
    <line>
      <![CDATA[Clicking on gender button...]]>
    </line>
    <line>
      <![CDATA[Clicking on next button...]]>
    </line>
    <line>
      <![CDATA[Selecting age...]]>
    </line>
    <line>
      <![CDATA[Clicking on next button...]]>
    </line>
    <line>
      <![CDATA[Entering mobile number...]]>
    </line>
    <line>
      <![CDATA[Clicking on continue button...]]>
    </line>
    <line>
      <![CDATA[TC validatePinCodeErrorMsg Passed]]>
    </line>
    <line>
      <![CDATA[Closing Application...]]>
    </line>
    <line>
      <![CDATA[Launching Application...]]>
    </line>
    <line>
      <![CDATA[Waiting for application launch...]]>
    </line>
    <line>
      <![CDATA[Application Luanched]]>
    </line>
    <line>
      <![CDATA[Clicking on gender button...]]>
    </line>
    <line>
      <![CDATA[Clicking on next button...]]>
    </line>
    <line>
      <![CDATA[Selecting age...]]>
    </line>
    <line>
      <![CDATA[Clicking on next button...]]>
    </line>
    <line>
      <![CDATA[Entering pincode...]]>
    </line>
    <line>
      <![CDATA[Clicking on continue button...]]>
    </line>
    <line>
      <![CDATA[TC validateMobileNumErrorMsg Passed]]>
    </line>
    <line>
      <![CDATA[Closing Application...]]>
    </line>
    <line>
      <![CDATA[Launching Application...]]>
    </line>
    <line>
      <![CDATA[Waiting for application launch...]]>
    </line>
    <line>
      <![CDATA[Application Luanched]]>
    </line>
    <line>
      <![CDATA[Clicking on gender button...]]>
    </line>
    <line>
      <![CDATA[Clicking on next button...]]>
    </line>
    <line>
      <![CDATA[Selecting age...]]>
    </line>
    <line>
      <![CDATA[Clicking on next button...]]>
    </line>
    <line>
      <![CDATA[Clicking on continue button...]]>
    </line>
    <line>
      <![CDATA[TC validateErrMsgs Passed]]>
    </line>
    <line>
      <![CDATA[Closing Application...]]>
    </line>
    <line>
      <![CDATA[Launching Application...]]>
    </line>
    <line>
      <![CDATA[Waiting for application launch...]]>
    </line>
    <line>
      <![CDATA[Clicking on gender button...]]>
    </line>
    <line>
      <![CDATA[Clicking on next button...]]>
    </line>
    <line>
      <![CDATA[Selecting age...]]>
    </line>
    <line>
      <![CDATA[Clicking on next button...]]>
    </line>
    <line>
      <![CDATA[Entering pincode...]]>
    </line>
    <line>
      <![CDATA[Entering mobile number...]]>
    </line>
    <line>
      <![CDATA[Clicking on continue button...]]>
    </line>
    <line>
      <![CDATA[Getting policy count from text displayed...]]>
    </line>
    <line>
      <![CDATA[Getting policy count from banners displayed...]]>
    </line>
    <line>
      <![CDATA[TC validatePolicyCount Passed]]>
    </line>
    <line>
      <![CDATA[Closing Application...]]>
    </line>
  </reporter-output>
  <suite started-at="2024-10-19T13:14:41 IST" name="Suite" finished-at="2024-10-19T13:15:48 IST" duration-ms="67001">
    <groups>
    </groups>
    <test started-at="2024-10-19T13:14:41 IST" name="Test" finished-at="2024-10-19T13:15:48 IST" duration-ms="67001">
      <class name="coverFoxTest.CoverFoxValidateErrorMsg">
        <test-method is-config="true" signature="enterDetails()[pri:0, instance:coverFoxTest.CoverFoxValidateErrorMsg@3febb011]" started-at="2024-10-19T13:14:41 IST" name="enterDetails" finished-at="2024-10-19T13:15:02 IST" duration-ms="21245" status="PASS">
          <reporter-output>
            <line>
              <![CDATA[Launching Application...]]>
            </line>
            <line>
              <![CDATA[Waiting for application launch...]]>
            </line>
            <line>
              <![CDATA[Application Luanched]]>
            </line>
            <line>
              <![CDATA[Clicking on gender button...]]>
            </line>
            <line>
              <![CDATA[Clicking on next button...]]>
            </line>
            <line>
              <![CDATA[Selecting age...]]>
            </line>
            <line>
              <![CDATA[Clicking on next button...]]>
            </line>
          </reporter-output>
        </test-method> <!-- enterDetails -->
        <test-method signature="validatePinCodeErrorMsg()[pri:-1, instance:coverFoxTest.CoverFoxValidateErrorMsg@3febb011]" started-at="2024-10-19T13:15:02 IST" name="validatePinCodeErrorMsg" finished-at="2024-10-19T13:15:08 IST" duration-ms="5746" status="PASS">
          <reporter-output>
            <line>
              <![CDATA[Entering mobile number...]]>
            </line>
            <line>
              <![CDATA[Clicking on continue button...]]>
            </line>
            <line>
              <![CDATA[TC validatePinCodeErrorMsg Passed]]>
            </line>
          </reporter-output>
        </test-method> <!-- validatePinCodeErrorMsg -->
        <test-method is-config="true" signature="closeApplication()[pri:0, instance:coverFoxTest.CoverFoxValidateErrorMsg@3febb011]" started-at="2024-10-19T13:15:08 IST" name="closeApplication" finished-at="2024-10-19T13:15:08 IST" duration-ms="430" status="PASS">
          <reporter-output>
            <line>
              <![CDATA[Closing Application...]]>
            </line>
          </reporter-output>
        </test-method> <!-- closeApplication -->
        <test-method is-config="true" signature="enterDetails()[pri:0, instance:coverFoxTest.CoverFoxValidateErrorMsg@3febb011]" started-at="2024-10-19T13:15:09 IST" name="enterDetails" finished-at="2024-10-19T13:15:25 IST" duration-ms="16148" status="PASS">
          <reporter-output>
            <line>
              <![CDATA[Launching Application...]]>
            </line>
            <line>
              <![CDATA[Waiting for application launch...]]>
            </line>
            <line>
              <![CDATA[Application Luanched]]>
            </line>
            <line>
              <![CDATA[Clicking on gender button...]]>
            </line>
            <line>
              <![CDATA[Clicking on next button...]]>
            </line>
            <line>
              <![CDATA[Selecting age...]]>
            </line>
            <line>
              <![CDATA[Clicking on next button...]]>
            </line>
          </reporter-output>
        </test-method> <!-- enterDetails -->
        <test-method signature="validateMobileNumErrorMsg()[pri:0, instance:coverFoxTest.CoverFoxValidateErrorMsg@3febb011]" started-at="2024-10-19T13:15:25 IST" name="validateMobileNumErrorMsg" finished-at="2024-10-19T13:15:30 IST" duration-ms="5580" status="PASS">
          <reporter-output>
            <line>
              <![CDATA[Entering pincode...]]>
            </line>
            <line>
              <![CDATA[Clicking on continue button...]]>
            </line>
            <line>
              <![CDATA[TC validateMobileNumErrorMsg Passed]]>
            </line>
          </reporter-output>
        </test-method> <!-- validateMobileNumErrorMsg -->
        <test-method is-config="true" signature="closeApplication()[pri:0, instance:coverFoxTest.CoverFoxValidateErrorMsg@3febb011]" started-at="2024-10-19T13:15:30 IST" name="closeApplication" finished-at="2024-10-19T13:15:31 IST" duration-ms="420" status="PASS">
          <reporter-output>
            <line>
              <![CDATA[Closing Application...]]>
            </line>
          </reporter-output>
        </test-method> <!-- closeApplication -->
        <test-method is-config="true" signature="enterDetails()[pri:0, instance:coverFoxTest.CoverFoxValidateErrorMsg@3febb011]" started-at="2024-10-19T13:15:31 IST" name="enterDetails" finished-at="2024-10-19T13:15:44 IST" duration-ms="13353" status="PASS">
          <reporter-output>
            <line>
              <![CDATA[Launching Application...]]>
            </line>
            <line>
              <![CDATA[Waiting for application launch...]]>
            </line>
            <line>
              <![CDATA[Application Luanched]]>
            </line>
            <line>
              <![CDATA[Clicking on gender button...]]>
            </line>
            <line>
              <![CDATA[Clicking on next button...]]>
            </line>
            <line>
              <![CDATA[Selecting age...]]>
            </line>
            <line>
              <![CDATA[Clicking on next button...]]>
            </line>
          </reporter-output>
        </test-method> <!-- enterDetails -->
        <test-method signature="validateErrMsgs()[pri:1, instance:coverFoxTest.CoverFoxValidateErrorMsg@3febb011]" started-at="2024-10-19T13:15:44 IST" name="validateErrMsgs" finished-at="2024-10-19T13:15:47 IST" duration-ms="3455" status="PASS">
          <reporter-output>
            <line>
              <![CDATA[Clicking on continue button...]]>
            </line>
            <line>
              <![CDATA[TC validateErrMsgs Passed]]>
            </line>
          </reporter-output>
        </test-method> <!-- validateErrMsgs -->
        <test-method is-config="true" signature="closeApplication()[pri:0, instance:coverFoxTest.CoverFoxValidateErrorMsg@3febb011]" started-at="2024-10-19T13:15:47 IST" name="closeApplication" finished-at="2024-10-19T13:15:48 IST" duration-ms="488" status="PASS">
          <reporter-output>
            <line>
              <![CDATA[Closing Application...]]>
            </line>
          </reporter-output>
        </test-method> <!-- closeApplication -->
      </class> <!-- coverFoxTest.CoverFoxValidateErrorMsg -->
    </test> <!-- Test -->
  </suite> <!-- Suite -->
  <suite started-at="2024-10-19T13:15:48 IST" name="Suite (0)" finished-at="2024-10-19T13:16:16 IST" duration-ms="27561">
    <groups>
    </groups>
    <test started-at="2024-10-19T13:15:48 IST" name="Test" finished-at="2024-10-19T13:16:16 IST" duration-ms="27561">
      <class name="coverFoxTest.CoverFoxTestClass">
        <test-method is-config="true" signature="launchApplication()[pri:0, instance:coverFoxTest.CoverFoxTestClass@2d1ef81a]" started-at="2024-10-19T13:15:48 IST" name="launchApplication" finished-at="2024-10-19T13:15:50 IST" duration-ms="2213" status="PASS">
          <reporter-output>
            <line>
              <![CDATA[Launching Application...]]>
            </line>
            <line>
              <![CDATA[Waiting for application launch...]]>
            </line>
          </reporter-output>
        </test-method> <!-- launchApplication -->
        <test-method is-config="true" signature="enterDetails()[pri:0, instance:coverFoxTest.CoverFoxTestClass@2d1ef81a]" started-at="2024-10-19T13:15:50 IST" name="enterDetails" finished-at="2024-10-19T13:16:09 IST" duration-ms="18902" status="PASS">
          <reporter-output>
            <line>
              <![CDATA[Clicking on gender button...]]>
            </line>
            <line>
              <![CDATA[Clicking on next button...]]>
            </line>
            <line>
              <![CDATA[Selecting age...]]>
            </line>
            <line>
              <![CDATA[Clicking on next button...]]>
            </line>
            <line>
              <![CDATA[Entering pincode...]]>
            </line>
            <line>
              <![CDATA[Entering mobile number...]]>
            </line>
            <line>
              <![CDATA[Clicking on continue button...]]>
            </line>
          </reporter-output>
        </test-method> <!-- enterDetails -->
        <test-method signature="validatePolicyCount()[pri:0, instance:coverFoxTest.CoverFoxTestClass@2d1ef81a]" started-at="2024-10-19T13:16:09 IST" name="validatePolicyCount" finished-at="2024-10-19T13:16:12 IST" duration-ms="3097" status="PASS">
          <reporter-output>
            <line>
              <![CDATA[Getting policy count from text displayed...]]>
            </line>
            <line>
              <![CDATA[Getting policy count from banners displayed...]]>
            </line>
            <line>
              <![CDATA[TC validatePolicyCount Passed]]>
            </line>
          </reporter-output>
        </test-method> <!-- validatePolicyCount -->
        <test-method is-config="true" signature="closeApplication()[pri:0, instance:coverFoxTest.CoverFoxTestClass@2d1ef81a]" started-at="2024-10-19T13:16:12 IST" name="closeApplication" finished-at="2024-10-19T13:16:16 IST" duration-ms="3342" status="PASS">
          <reporter-output>
            <line>
              <![CDATA[Closing Application...]]>
            </line>
          </reporter-output>
        </test-method> <!-- closeApplication -->
      </class> <!-- coverFoxTest.CoverFoxTestClass -->
    </test> <!-- Test -->
  </suite> <!-- Suite (0) -->
</testng-results>
