<?xml version="1.0" encoding="UTF-8"?>
<testng-results ignored="0" total="4" passed="4" failed="0" skipped="0">
  <reporter-output>
    <line>
      <![CDATA[Launching Browser]]>
    </line>
    <line>
      <![CDATA[Launching Application...]]>
    </line>
    <line>
      <![CDATA[Waiting for application launch...]]>
    </line>
    <line>
      <![CDATA[Clicking on gender button...]]>
    </line>
    <line>
      <![CDATA[Clicking on next button...]]>
    </line>
    <line>
      <![CDATA[Selecting age...]]>
    </line>
    <line>
      <![CDATA[Clicking on next button...]]>
    </line>
    <line>
      <![CDATA[Entering pincode...]]>
    </line>
    <line>
      <![CDATA[Entering mobile number...]]>
    </line>
    <line>
      <![CDATA[Clicking on continue button...]]>
    </line>
    <line>
      <![CDATA[Getting policy count from text displayed...]]>
    </line>
    <line>
      <![CDATA[Getting policy count from banners displayed...]]>
    </line>
    <line>
      <![CDATA[Updated code by Bhagyashree]]>
    </line>
    <line>
      <![CDATA[TC validatePolicyCount Passed]]>
    </line>
    <line>
      <![CDATA[Closing Browser]]>
    </line>
    <line>
      <![CDATA[Closing Application...]]>
    </line>
    <line>
      <![CDATA[Launching Application...]]>
    </line>
    <line>
      <![CDATA[Waiting for application launch...]]>
    </line>
    <line>
      <![CDATA[Application Luanched]]>
    </line>
    <line>
      <![CDATA[Clicking on gender button...]]>
    </line>
    <line>
      <![CDATA[Clicking on next button...]]>
    </line>
    <line>
      <![CDATA[Selecting age...]]>
    </line>
    <line>
      <![CDATA[Clicking on next button...]]>
    </line>
    <line>
      <![CDATA[Entering mobile number...]]>
    </line>
    <line>
      <![CDATA[Clicking on continue button...]]>
    </line>
    <line>
      <![CDATA[TC validatePinCodeErrorMsg Passed]]>
    </line>
    <line>
      <![CDATA[Closing Application...]]>
    </line>
    <line>
      <![CDATA[Launching Application...]]>
    </line>
    <line>
      <![CDATA[Waiting for application launch...]]>
    </line>
    <line>
      <![CDATA[Application Luanched]]>
    </line>
    <line>
      <![CDATA[Clicking on gender button...]]>
    </line>
    <line>
      <![CDATA[Clicking on next button...]]>
    </line>
    <line>
      <![CDATA[Selecting age...]]>
    </line>
    <line>
      <![CDATA[Clicking on next button...]]>
    </line>
    <line>
      <![CDATA[Entering pincode...]]>
    </line>
    <line>
      <![CDATA[Clicking on continue button...]]>
    </line>
    <line>
      <![CDATA[TC validateMobileNumErrorMsg Passed]]>
    </line>
    <line>
      <![CDATA[Closing Application...]]>
    </line>
    <line>
      <![CDATA[Launching Application...]]>
    </line>
    <line>
      <![CDATA[Waiting for application launch...]]>
    </line>
    <line>
      <![CDATA[Application Luanched]]>
    </line>
    <line>
      <![CDATA[Clicking on gender button...]]>
    </line>
    <line>
      <![CDATA[Clicking on next button...]]>
    </line>
    <line>
      <![CDATA[Selecting age...]]>
    </line>
    <line>
      <![CDATA[Clicking on next button...]]>
    </line>
    <line>
      <![CDATA[Clicking on continue button...]]>
    </line>
    <line>
      <![CDATA[TC validateErrMsgs Passed]]>
    </line>
    <line>
      <![CDATA[Closing Application...]]>
    </line>
  </reporter-output>
  <suite started-at="2024-10-23T13:16:16 IST" name="Suite" finished-at="2024-10-23T13:16:44 IST" duration-ms="28183">
    <groups>
    </groups>
    <test started-at="2024-10-23T13:16:16 IST" name="Test" finished-at="2024-10-23T13:16:44 IST" duration-ms="28183">
      <class name="coverFoxTest.CoverFoxTestClass">
        <test-method is-config="true" signature="launchApplication()[pri:0, instance:coverFoxTest.CoverFoxTestClass@5c6648b0]" started-at="2024-10-23T13:16:16 IST" name="launchApplication" finished-at="2024-10-23T13:16:22 IST" duration-ms="5892" status="PASS">
          <reporter-output>
            <line>
              <![CDATA[Launching Browser]]>
            </line>
            <line>
              <![CDATA[Launching Application...]]>
            </line>
            <line>
              <![CDATA[Waiting for application launch...]]>
            </line>
          </reporter-output>
        </test-method> <!-- launchApplication -->
        <test-method is-config="true" signature="enterDetails()[pri:0, instance:coverFoxTest.CoverFoxTestClass@5c6648b0]" started-at="2024-10-23T13:16:22 IST" name="enterDetails" finished-at="2024-10-23T13:16:41 IST" duration-ms="18783" status="PASS">
          <reporter-output>
            <line>
              <![CDATA[Clicking on gender button...]]>
            </line>
            <line>
              <![CDATA[Clicking on next button...]]>
            </line>
            <line>
              <![CDATA[Selecting age...]]>
            </line>
            <line>
              <![CDATA[Clicking on next button...]]>
            </line>
            <line>
              <![CDATA[Entering pincode...]]>
            </line>
            <line>
              <![CDATA[Entering mobile number...]]>
            </line>
            <line>
              <![CDATA[Clicking on continue button...]]>
            </line>
          </reporter-output>
        </test-method> <!-- enterDetails -->
        <test-method signature="validatePolicyCount()[pri:0, instance:coverFoxTest.CoverFoxTestClass@5c6648b0]" started-at="2024-10-23T13:16:41 IST" name="validatePolicyCount" finished-at="2024-10-23T13:16:44 IST" duration-ms="3095" status="PASS">
          <reporter-output>
            <line>
              <![CDATA[Getting policy count from text displayed...]]>
            </line>
            <line>
              <![CDATA[Getting policy count from banners displayed...]]>
            </line>
            <line>
              <![CDATA[Updated code by Bhagyashree]]>
            </line>
            <line>
              <![CDATA[TC validatePolicyCount Passed]]>
            </line>
          </reporter-output>
        </test-method> <!-- validatePolicyCount -->
        <test-method is-config="true" signature="closeApplication()[pri:0, instance:coverFoxTest.CoverFoxTestClass@5c6648b0]" started-at="2024-10-23T13:16:44 IST" name="closeApplication" finished-at="2024-10-23T13:16:44 IST" duration-ms="329" status="PASS">
          <reporter-output>
            <line>
              <![CDATA[Closing Browser]]>
            </line>
            <line>
              <![CDATA[Closing Application...]]>
            </line>
          </reporter-output>
        </test-method> <!-- closeApplication -->
      </class> <!-- coverFoxTest.CoverFoxTestClass -->
    </test> <!-- Test -->
  </suite> <!-- Suite -->
  <suite started-at="2024-10-23T13:16:44 IST" name="Suite (0)" finished-at="2024-10-23T13:17:50 IST" duration-ms="65639">
    <groups>
    </groups>
    <test started-at="2024-10-23T13:16:44 IST" name="Test" finished-at="2024-10-23T13:17:50 IST" duration-ms="65639">
      <class name="coverFoxTest.CoverFoxValidateErrorMsg">
        <test-method is-config="true" signature="enterDetails()[pri:0, instance:coverFoxTest.CoverFoxValidateErrorMsg@22555ebf]" started-at="2024-10-23T13:16:44 IST" name="enterDetails" finished-at="2024-10-23T13:16:58 IST" duration-ms="13344" status="PASS">
          <reporter-output>
            <line>
              <![CDATA[Launching Application...]]>
            </line>
            <line>
              <![CDATA[Waiting for application launch...]]>
            </line>
            <line>
              <![CDATA[Application Luanched]]>
            </line>
            <line>
              <![CDATA[Clicking on gender button...]]>
            </line>
            <line>
              <![CDATA[Clicking on next button...]]>
            </line>
            <line>
              <![CDATA[Selecting age...]]>
            </line>
            <line>
              <![CDATA[Clicking on next button...]]>
            </line>
          </reporter-output>
        </test-method> <!-- enterDetails -->
        <test-method signature="validatePinCodeErrorMsg()[pri:-1, instance:coverFoxTest.CoverFoxValidateErrorMsg@22555ebf]" started-at="2024-10-23T13:16:58 IST" name="validatePinCodeErrorMsg" finished-at="2024-10-23T13:17:03 IST" duration-ms="5550" status="PASS">
          <reporter-output>
            <line>
              <![CDATA[Entering mobile number...]]>
            </line>
            <line>
              <![CDATA[Clicking on continue button...]]>
            </line>
            <line>
              <![CDATA[TC validatePinCodeErrorMsg Passed]]>
            </line>
          </reporter-output>
        </test-method> <!-- validatePinCodeErrorMsg -->
        <test-method is-config="true" signature="closeApplication()[pri:0, instance:coverFoxTest.CoverFoxValidateErrorMsg@22555ebf]" started-at="2024-10-23T13:17:03 IST" name="closeApplication" finished-at="2024-10-23T13:17:06 IST" duration-ms="3322" status="PASS">
          <reporter-output>
            <line>
              <![CDATA[Closing Application...]]>
            </line>
          </reporter-output>
        </test-method> <!-- closeApplication -->
        <test-method is-config="true" signature="enterDetails()[pri:0, instance:coverFoxTest.CoverFoxValidateErrorMsg@22555ebf]" started-at="2024-10-23T13:17:06 IST" name="enterDetails" finished-at="2024-10-23T13:17:20 IST" duration-ms="13822" status="PASS">
          <reporter-output>
            <line>
              <![CDATA[Launching Application...]]>
            </line>
            <line>
              <![CDATA[Waiting for application launch...]]>
            </line>
            <line>
              <![CDATA[Application Luanched]]>
            </line>
            <line>
              <![CDATA[Clicking on gender button...]]>
            </line>
            <line>
              <![CDATA[Clicking on next button...]]>
            </line>
            <line>
              <![CDATA[Selecting age...]]>
            </line>
            <line>
              <![CDATA[Clicking on next button...]]>
            </line>
          </reporter-output>
        </test-method> <!-- enterDetails -->
        <test-method signature="validateMobileNumErrorMsg()[pri:0, instance:coverFoxTest.CoverFoxValidateErrorMsg@22555ebf]" started-at="2024-10-23T13:17:20 IST" name="validateMobileNumErrorMsg" finished-at="2024-10-23T13:17:26 IST" duration-ms="5798" status="PASS">
          <reporter-output>
            <line>
              <![CDATA[Entering pincode...]]>
            </line>
            <line>
              <![CDATA[Clicking on continue button...]]>
            </line>
            <line>
              <![CDATA[TC validateMobileNumErrorMsg Passed]]>
            </line>
          </reporter-output>
        </test-method> <!-- validateMobileNumErrorMsg -->
        <test-method is-config="true" signature="closeApplication()[pri:0, instance:coverFoxTest.CoverFoxValidateErrorMsg@22555ebf]" started-at="2024-10-23T13:17:26 IST" name="closeApplication" finished-at="2024-10-23T13:17:29 IST" duration-ms="3294" status="PASS">
          <reporter-output>
            <line>
              <![CDATA[Closing Application...]]>
            </line>
          </reporter-output>
        </test-method> <!-- closeApplication -->
        <test-method is-config="true" signature="enterDetails()[pri:0, instance:coverFoxTest.CoverFoxValidateErrorMsg@22555ebf]" started-at="2024-10-23T13:17:29 IST" name="enterDetails" finished-at="2024-10-23T13:17:43 IST" duration-ms="13772" status="PASS">
          <reporter-output>
            <line>
              <![CDATA[Launching Application...]]>
            </line>
            <line>
              <![CDATA[Waiting for application launch...]]>
            </line>
            <line>
              <![CDATA[Application Luanched]]>
            </line>
            <line>
              <![CDATA[Clicking on gender button...]]>
            </line>
            <line>
              <![CDATA[Clicking on next button...]]>
            </line>
            <line>
              <![CDATA[Selecting age...]]>
            </line>
            <line>
              <![CDATA[Clicking on next button...]]>
            </line>
          </reporter-output>
        </test-method> <!-- enterDetails -->
        <test-method signature="validateErrMsgs()[pri:1, instance:coverFoxTest.CoverFoxValidateErrorMsg@22555ebf]" started-at="2024-10-23T13:17:43 IST" name="validateErrMsgs" finished-at="2024-10-23T13:17:46 IST" duration-ms="3368" status="PASS">
          <reporter-output>
            <line>
              <![CDATA[Clicking on continue button...]]>
            </line>
            <line>
              <![CDATA[TC validateErrMsgs Passed]]>
            </line>
          </reporter-output>
        </test-method> <!-- validateErrMsgs -->
        <test-method is-config="true" signature="closeApplication()[pri:0, instance:coverFoxTest.CoverFoxValidateErrorMsg@22555ebf]" started-at="2024-10-23T13:17:46 IST" name="closeApplication" finished-at="2024-10-23T13:17:50 IST" duration-ms="3348" status="PASS">
          <reporter-output>
            <line>
              <![CDATA[Closing Application...]]>
            </line>
          </reporter-output>
        </test-method> <!-- closeApplication -->
      </class> <!-- coverFoxTest.CoverFoxValidateErrorMsg -->
    </test> <!-- Test -->
  </suite> <!-- Suite (0) -->
</testng-results>
