<?xml version="1.0" encoding="UTF-8"?>
<testng-results ignored="0" total="1" passed="1" failed="0" skipped="0">
  <reporter-output>
    <line>
      <![CDATA[Launching Browser]]>
    </line>
    <line>
      <![CDATA[Launching Application...]]>
    </line>
    <line>
      <![CDATA[Waiting for application launch...]]>
    </line>
    <line>
      <![CDATA[Clicking on gender button...]]>
    </line>
    <line>
      <![CDATA[Clicking on next button...]]>
    </line>
    <line>
      <![CDATA[Selecting age...]]>
    </line>
    <line>
      <![CDATA[Clicking on next button...]]>
    </line>
    <line>
      <![CDATA[Entering pincode...]]>
    </line>
    <line>
      <![CDATA[Entering mobile number...]]>
    </line>
    <line>
      <![CDATA[Clicking on continue button...]]>
    </line>
    <line>
      <![CDATA[Getting policy count from text displayed...]]>
    </line>
    <line>
      <![CDATA[Getting policy count from banners displayed...]]>
    </line>
    <line>
      <![CDATA[Closing Browser]]>
    </line>
    <line>
      <![CDATA[Closing Application...]]>
    </line>
  </reporter-output>
  <suite started-at="2025-01-02T11:24:22 IST" name="Default suite" finished-at="2025-01-02T11:24:58 IST" duration-ms="36416">
    <groups>
    </groups>
    <test started-at="2025-01-02T11:24:22 IST" name="Default test" finished-at="2025-01-02T11:24:58 IST" duration-ms="36416">
      <class name="coverFoxTest.CoverFoxTestClass">
        <test-method is-config="true" signature="launchApplication()[pri:0, instance:coverFoxTest.CoverFoxTestClass@5e5d171f]" started-at="2025-01-02T11:24:22 IST" name="launchApplication" finished-at="2025-01-02T11:24:31 IST" duration-ms="9757" status="PASS">
          <reporter-output>
            <line>
              <![CDATA[Launching Browser]]>
            </line>
            <line>
              <![CDATA[Launching Application...]]>
            </line>
            <line>
              <![CDATA[Waiting for application launch...]]>
            </line>
          </reporter-output>
        </test-method> <!-- launchApplication -->
        <test-method is-config="true" signature="enterDetails()[pri:0, instance:coverFoxTest.CoverFoxTestClass@5e5d171f]" started-at="2025-01-02T11:24:31 IST" name="enterDetails" finished-at="2025-01-02T11:24:54 IST" duration-ms="23009" status="PASS">
          <reporter-output>
            <line>
              <![CDATA[Clicking on gender button...]]>
            </line>
            <line>
              <![CDATA[Clicking on next button...]]>
            </line>
            <line>
              <![CDATA[Selecting age...]]>
            </line>
            <line>
              <![CDATA[Clicking on next button...]]>
            </line>
            <line>
              <![CDATA[Entering pincode...]]>
            </line>
            <line>
              <![CDATA[Entering mobile number...]]>
            </line>
            <line>
              <![CDATA[Clicking on continue button...]]>
            </line>
          </reporter-output>
        </test-method> <!-- enterDetails -->
        <test-method signature="validatePolicyCount()[pri:0, instance:coverFoxTest.CoverFoxTestClass@5e5d171f]" started-at="2025-01-02T11:24:54 IST" name="validatePolicyCount" finished-at="2025-01-02T11:24:58 IST" duration-ms="3123" status="PASS">
          <reporter-output>
            <line>
              <![CDATA[Getting policy count from text displayed...]]>
            </line>
            <line>
              <![CDATA[Getting policy count from banners displayed...]]>
            </line>
          </reporter-output>
        </test-method> <!-- validatePolicyCount -->
        <test-method is-config="true" signature="closeApplication()[pri:0, instance:coverFoxTest.CoverFoxTestClass@5e5d171f]" started-at="2025-01-02T11:24:58 IST" name="closeApplication" finished-at="2025-01-02T11:24:58 IST" duration-ms="370" status="PASS">
          <reporter-output>
            <line>
              <![CDATA[Closing Browser]]>
            </line>
            <line>
              <![CDATA[Closing Application...]]>
            </line>
          </reporter-output>
        </test-method> <!-- closeApplication -->
      </class> <!-- coverFoxTest.CoverFoxTestClass -->
    </test> <!-- Default test -->
  </suite> <!-- Default suite -->
</testng-results>
