<?xml version="1.0" encoding="UTF-8"?>
<testng-results ignored="0" total="3" passed="3" failed="0" skipped="0">
  <reporter-output>
    <line>
      <![CDATA[Launching Application...]]>
    </line>
    <line>
      <![CDATA[Waiting for application launch...]]>
    </line>
    <line>
      <![CDATA[Application Luanched]]>
    </line>
    <line>
      <![CDATA[Clicking on gender button...]]>
    </line>
    <line>
      <![CDATA[Clicking on next button...]]>
    </line>
    <line>
      <![CDATA[Selecting age...]]>
    </line>
    <line>
      <![CDATA[Clicking on next button...]]>
    </line>
    <line>
      <![CDATA[Entering mobile number...]]>
    </line>
    <line>
      <![CDATA[Clicking on continue button...]]>
    </line>
    <line>
      <![CDATA[TC validatePinCodeErrorMsg Passed]]>
    </line>
    <line>
      <![CDATA[Closing Application...]]>
    </line>
    <line>
      <![CDATA[Launching Application...]]>
    </line>
    <line>
      <![CDATA[Waiting for application launch...]]>
    </line>
    <line>
      <![CDATA[Application Luanched]]>
    </line>
    <line>
      <![CDATA[Clicking on gender button...]]>
    </line>
    <line>
      <![CDATA[Clicking on next button...]]>
    </line>
    <line>
      <![CDATA[Selecting age...]]>
    </line>
    <line>
      <![CDATA[Clicking on next button...]]>
    </line>
    <line>
      <![CDATA[Entering pincode...]]>
    </line>
    <line>
      <![CDATA[Clicking on continue button...]]>
    </line>
    <line>
      <![CDATA[TC validateMobileNumErrorMsg Passed]]>
    </line>
    <line>
      <![CDATA[Closing Application...]]>
    </line>
    <line>
      <![CDATA[Launching Application...]]>
    </line>
    <line>
      <![CDATA[Waiting for application launch...]]>
    </line>
    <line>
      <![CDATA[Application Luanched]]>
    </line>
    <line>
      <![CDATA[Clicking on gender button...]]>
    </line>
    <line>
      <![CDATA[Clicking on next button...]]>
    </line>
    <line>
      <![CDATA[Selecting age...]]>
    </line>
    <line>
      <![CDATA[Clicking on next button...]]>
    </line>
    <line>
      <![CDATA[Clicking on continue button...]]>
    </line>
    <line>
      <![CDATA[TC validateErrMsgs Passed]]>
    </line>
    <line>
      <![CDATA[Closing Application...]]>
    </line>
  </reporter-output>
  <suite started-at="2024-10-18T12:42:10 IST" name="Suite" finished-at="2024-10-18T12:43:26 IST" duration-ms="75564">
    <groups>
    </groups>
    <test started-at="2024-10-18T12:42:10 IST" name="Test" finished-at="2024-10-18T12:43:26 IST" duration-ms="75564">
      <class name="coverFoxTest.CoverFoxValidateErrorMsg">
        <test-method is-config="true" signature="enterDetails()[pri:0, instance:coverFoxTest.CoverFoxValidateErrorMsg@179ece50]" started-at="2024-10-18T12:42:10 IST" name="enterDetails" finished-at="2024-10-18T12:42:33 IST" duration-ms="22581" status="PASS">
          <reporter-output>
            <line>
              <![CDATA[Launching Application...]]>
            </line>
            <line>
              <![CDATA[Waiting for application launch...]]>
            </line>
            <line>
              <![CDATA[Application Luanched]]>
            </line>
            <line>
              <![CDATA[Clicking on gender button...]]>
            </line>
            <line>
              <![CDATA[Clicking on next button...]]>
            </line>
            <line>
              <![CDATA[Selecting age...]]>
            </line>
            <line>
              <![CDATA[Clicking on next button...]]>
            </line>
          </reporter-output>
        </test-method> <!-- enterDetails -->
        <test-method signature="validatePinCodeErrorMsg()[pri:-1, instance:coverFoxTest.CoverFoxValidateErrorMsg@179ece50]" started-at="2024-10-18T12:42:33 IST" name="validatePinCodeErrorMsg" finished-at="2024-10-18T12:42:38 IST" duration-ms="5478" status="PASS">
          <reporter-output>
            <line>
              <![CDATA[Entering mobile number...]]>
            </line>
            <line>
              <![CDATA[Clicking on continue button...]]>
            </line>
            <line>
              <![CDATA[TC validatePinCodeErrorMsg Passed]]>
            </line>
          </reporter-output>
        </test-method> <!-- validatePinCodeErrorMsg -->
        <test-method is-config="true" signature="closeApplication()[pri:0, instance:coverFoxTest.CoverFoxValidateErrorMsg@179ece50]" started-at="2024-10-18T12:42:38 IST" name="closeApplication" finished-at="2024-10-18T12:42:42 IST" duration-ms="3440" status="PASS">
          <reporter-output>
            <line>
              <![CDATA[Closing Application...]]>
            </line>
          </reporter-output>
        </test-method> <!-- closeApplication -->
        <test-method is-config="true" signature="enterDetails()[pri:0, instance:coverFoxTest.CoverFoxValidateErrorMsg@179ece50]" started-at="2024-10-18T12:42:42 IST" name="enterDetails" finished-at="2024-10-18T12:42:56 IST" duration-ms="13888" status="PASS">
          <reporter-output>
            <line>
              <![CDATA[Launching Application...]]>
            </line>
            <line>
              <![CDATA[Waiting for application launch...]]>
            </line>
            <line>
              <![CDATA[Application Luanched]]>
            </line>
            <line>
              <![CDATA[Clicking on gender button...]]>
            </line>
            <line>
              <![CDATA[Clicking on next button...]]>
            </line>
            <line>
              <![CDATA[Selecting age...]]>
            </line>
            <line>
              <![CDATA[Clicking on next button...]]>
            </line>
          </reporter-output>
        </test-method> <!-- enterDetails -->
        <test-method signature="validateMobileNumErrorMsg()[pri:0, instance:coverFoxTest.CoverFoxValidateErrorMsg@179ece50]" started-at="2024-10-18T12:42:56 IST" name="validateMobileNumErrorMsg" finished-at="2024-10-18T12:43:01 IST" duration-ms="5432" status="PASS">
          <reporter-output>
            <line>
              <![CDATA[Entering pincode...]]>
            </line>
            <line>
              <![CDATA[Clicking on continue button...]]>
            </line>
            <line>
              <![CDATA[TC validateMobileNumErrorMsg Passed]]>
            </line>
          </reporter-output>
        </test-method> <!-- validateMobileNumErrorMsg -->
        <test-method is-config="true" signature="closeApplication()[pri:0, instance:coverFoxTest.CoverFoxValidateErrorMsg@179ece50]" started-at="2024-10-18T12:43:01 IST" name="closeApplication" finished-at="2024-10-18T12:43:05 IST" duration-ms="3621" status="PASS">
          <reporter-output>
            <line>
              <![CDATA[Closing Application...]]>
            </line>
          </reporter-output>
        </test-method> <!-- closeApplication -->
        <test-method is-config="true" signature="enterDetails()[pri:0, instance:coverFoxTest.CoverFoxValidateErrorMsg@179ece50]" started-at="2024-10-18T12:43:05 IST" name="enterDetails" finished-at="2024-10-18T12:43:19 IST" duration-ms="14096" status="PASS">
          <reporter-output>
            <line>
              <![CDATA[Launching Application...]]>
            </line>
            <line>
              <![CDATA[Waiting for application launch...]]>
            </line>
            <line>
              <![CDATA[Application Luanched]]>
            </line>
            <line>
              <![CDATA[Clicking on gender button...]]>
            </line>
            <line>
              <![CDATA[Clicking on next button...]]>
            </line>
            <line>
              <![CDATA[Selecting age...]]>
            </line>
            <line>
              <![CDATA[Clicking on next button...]]>
            </line>
          </reporter-output>
        </test-method> <!-- enterDetails -->
        <test-method signature="validateErrMsgs()[pri:1, instance:coverFoxTest.CoverFoxValidateErrorMsg@179ece50]" started-at="2024-10-18T12:43:19 IST" name="validateErrMsgs" finished-at="2024-10-18T12:43:22 IST" duration-ms="3317" status="PASS">
          <reporter-output>
            <line>
              <![CDATA[Clicking on continue button...]]>
            </line>
            <line>
              <![CDATA[TC validateErrMsgs Passed]]>
            </line>
          </reporter-output>
        </test-method> <!-- validateErrMsgs -->
        <test-method is-config="true" signature="closeApplication()[pri:0, instance:coverFoxTest.CoverFoxValidateErrorMsg@179ece50]" started-at="2024-10-18T12:43:22 IST" name="closeApplication" finished-at="2024-10-18T12:43:26 IST" duration-ms="3560" status="PASS">
          <reporter-output>
            <line>
              <![CDATA[Closing Application...]]>
            </line>
          </reporter-output>
        </test-method> <!-- closeApplication -->
      </class> <!-- coverFoxTest.CoverFoxValidateErrorMsg -->
    </test> <!-- Test -->
  </suite> <!-- Suite -->
</testng-results>
